<?xml version="1.0" encoding="UTF-8"?>
<!-- Generated by org.testng.reporters.JUnitReportReporter -->
<testsuite skipped="0" hostname="home-PC" name="com.crmpro.testscript.LoginTest" tests="2" failures="0" timestamp="02 Sep 2018 18:53:10 GMT" time="48.256" errors="0">
  <testcase name="validLogin" time="21.175" classname="com.crmpro.testscript.LoginTest"/>
  <testcase name="inValidLogin" time="27.081" classname="com.crmpro.testscript.LoginTest"/>
</testsuite> <!-- com.crmpro.testscript.LoginTest -->
