<?xml version="1.0" encoding="UTF-8"?>
<!-- Generated by org.testng.reporters.JUnitReportReporter -->
<testsuite skipped="0" hostname="home-PC" name="com.crmpro.testscript.LoginTest" tests="2" failures="0" timestamp="02 Sep 2018 19:01:47 GMT" time="25.167" errors="0">
  <testcase name="validLogin" time="14.334" classname="com.crmpro.testscript.LoginTest"/>
  <testcase name="inValidLogin" time="10.833" classname="com.crmpro.testscript.LoginTest"/>
</testsuite> <!-- com.crmpro.testscript.LoginTest -->
